<?xml version="1.0" encoding="UTF-8"?>
<testsuite name="pl.edu.mimuw.MatrixAssertionsTest" tests="53" skipped="0" failures="0" errors="0" timestamp="2022-05-17T19:21:24" hostname="MacBook-Pro-Zuzanna.local" time="0.717">
  <properties/>
  <testcase name="testFullTimesThrowsOnNotMatchedSizes()" classname="pl.edu.mimuw.MatrixAssertionsTest" time="0.136"/>
  <testcase name="testSparseTimesThrowsOnNotMatchedSizes()" classname="pl.edu.mimuw.MatrixAssertionsTest" time="0.139"/>
  <testcase name="testInvalidConstructThrowsOnOutboundNegativeIndices()" classname="pl.edu.mimuw.MatrixAssertionsTest" time="0.137"/>
  <testcase name="testFullInvalidConstructThrowsOnNull()" classname="pl.edu.mimuw.MatrixAssertionsTest" time="0.029"/>
  <testcase name="[2] 3 2:&#10;1.0 2.0 &#10;3.0 4.0 &#10;5.0 6.0 &#10;" classname="pl.edu.mimuw.MatrixAssertionsTest" time="0.138"/>
  <testcase name="[9] 2 2:&#10;1 0 &#10;0 1 &#10;" classname="pl.edu.mimuw.MatrixAssertionsTest" time="0.012"/>
  <testcase name="[3] 3 3:&#10;7.0 0 0 &#10;0 8.0 0 &#10;0 0 9.0 &#10;" classname="pl.edu.mimuw.MatrixAssertionsTest" time="0.006"/>
  <testcase name="[10] 3 3:&#10;1 0 0 &#10;0 1 0 &#10;0 0 1 &#10;" classname="pl.edu.mimuw.MatrixAssertionsTest" time="0.008"/>
  <testcase name="[4] 3 3:&#10;0 0 10.0 &#10;0 11.0 0 &#10;12.0 0 0 &#10;" classname="pl.edu.mimuw.MatrixAssertionsTest" time="0.003"/>
  <testcase name="[5] 2 3:&#10;{1.0 @[0, 0]}&#10;{2.0 @[0, 1]}&#10;{3.0 @[0, 2]}&#10;{4.0 @[1, 0]}&#10;{5.0 @[1, 1]}&#10;{6.0 @[1, 2]}&#10;" classname="pl.edu.mimuw.MatrixAssertionsTest" time="0.012"/>
  <testcase name="[11] 3 2&#10;0.0 0.0&#10;0.0 0.0&#10;0.0 0.0&#10;" classname="pl.edu.mimuw.MatrixAssertionsTest" time="0.007"/>
  <testcase name="[6] 3 2:&#10;{1.0 @[0, 0]}&#10;{2.0 @[0, 1]}&#10;{3.0 @[1, 0]}&#10;{4.0 @[1, 1]}&#10;{5.0 @[2, 0]}&#10;{6.0 @[2, 1]}&#10;" classname="pl.edu.mimuw.MatrixAssertionsTest" time="0.004"/>
  <testcase name="[2] 3 2:&#10;1.0 2.0 &#10;3.0 4.0 &#10;5.0 6.0 &#10;" classname="pl.edu.mimuw.MatrixAssertionsTest" time="0.002"/>
  <testcase name="[1] 2 3:&#10;1.0 2.0 3.0 &#10;4.0 5.0 6.0 &#10;" classname="pl.edu.mimuw.MatrixAssertionsTest" time="0.017"/>
  <testcase name="[7] 2 1:&#10;18.0 &#10;19.0 &#10;" classname="pl.edu.mimuw.MatrixAssertionsTest" time="0.005"/>
  <testcase name="[8] 3 1:&#10;15.0 &#10;16.0 &#10;17.0 &#10;" classname="pl.edu.mimuw.MatrixAssertionsTest" time="0.001"/>
  <testcase name="[7] 2 1:&#10;18.0 &#10;19.0 &#10;" classname="pl.edu.mimuw.MatrixAssertionsTest" time="0.004"/>
  <testcase name="[6] 3 2:&#10;{1.0 @[0, 0]}&#10;{2.0 @[0, 1]}&#10;{3.0 @[1, 0]}&#10;{4.0 @[1, 1]}&#10;{5.0 @[2, 0]}&#10;{6.0 @[2, 1]}&#10;" classname="pl.edu.mimuw.MatrixAssertionsTest" time="0.001"/>
  <testcase name="[5] 2 3:&#10;{1.0 @[0, 0]}&#10;{2.0 @[0, 1]}&#10;{3.0 @[0, 2]}&#10;{4.0 @[1, 0]}&#10;{5.0 @[1, 1]}&#10;{6.0 @[1, 2]}&#10;" classname="pl.edu.mimuw.MatrixAssertionsTest" time="0.001"/>
  <testcase name="[8] 3 1:&#10;15.0 &#10;16.0 &#10;17.0 &#10;" classname="pl.edu.mimuw.MatrixAssertionsTest" time="0.002"/>
  <testcase name="[4] 3 3:&#10;0 0 10.0 &#10;0 11.0 0 &#10;12.0 0 0 &#10;" classname="pl.edu.mimuw.MatrixAssertionsTest" time="0.002"/>
  <testcase name="[9] 2 2:&#10;1 0 &#10;0 1 &#10;" classname="pl.edu.mimuw.MatrixAssertionsTest" time="0.002"/>
  <testcase name="[10] 3 3:&#10;1 0 0 &#10;0 1 0 &#10;0 0 1 &#10;" classname="pl.edu.mimuw.MatrixAssertionsTest" time="0.022"/>
  <testcase name="[3] 3 3:&#10;7.0 0 0 &#10;0 8.0 0 &#10;0 0 9.0 &#10;" classname="pl.edu.mimuw.MatrixAssertionsTest" time="0.029"/>
  <testcase name="[1] 2 3:&#10;1.0 2.0 3.0 &#10;4.0 5.0 6.0 &#10;" classname="pl.edu.mimuw.MatrixAssertionsTest" time="0.022"/>
  <testcase name="testSparseAddThrowsOnNotMatchedSizes()" classname="pl.edu.mimuw.MatrixAssertionsTest" time="0.037"/>
  <testcase name="[11] 3 2&#10;0.0 0.0&#10;0.0 0.0&#10;0.0 0.0&#10;" classname="pl.edu.mimuw.MatrixAssertionsTest" time="0.001"/>
  <testcase name="testFullAddThrowsOnNotMatchedSizes()" classname="pl.edu.mimuw.MatrixAssertionsTest" time="0.013"/>
  <testcase name="[1] 2 3:&#10;1.0 2.0 3.0 &#10;4.0 5.0 6.0 &#10;" classname="pl.edu.mimuw.MatrixAssertionsTest" time="0.011"/>
  <testcase name="[10] 3 3:&#10;1 0 0 &#10;0 1 0 &#10;0 0 1 &#10;" classname="pl.edu.mimuw.MatrixAssertionsTest" time="0.008"/>
  <testcase name="[1] 2 3:&#10;1.0 2.0 3.0 &#10;4.0 5.0 6.0 &#10;" classname="pl.edu.mimuw.MatrixAssertionsTest" time="0.011"/>
  <testcase name="[9] 2 2:&#10;1 0 &#10;0 1 &#10;" classname="pl.edu.mimuw.MatrixAssertionsTest" time="0.01"/>
  <testcase name="testInvalidConstructThrowsOnOutboundIndices()" classname="pl.edu.mimuw.MatrixAssertionsTest" time="0.016"/>
  <testcase name="testFullInvalidConstructThrowsOnEmpty()" classname="pl.edu.mimuw.MatrixAssertionsTest" time="0.017"/>
  <testcase name="[2] 3 2:&#10;1.0 2.0 &#10;3.0 4.0 &#10;5.0 6.0 &#10;" classname="pl.edu.mimuw.MatrixAssertionsTest" time="0.018"/>
  <testcase name="[3] 3 3:&#10;7.0 0 0 &#10;0 8.0 0 &#10;0 0 9.0 &#10;" classname="pl.edu.mimuw.MatrixAssertionsTest" time="0.021"/>
  <testcase name="[5] 2 3:&#10;{1.0 @[0, 0]}&#10;{2.0 @[0, 1]}&#10;{3.0 @[0, 2]}&#10;{4.0 @[1, 0]}&#10;{5.0 @[1, 1]}&#10;{6.0 @[1, 2]}&#10;" classname="pl.edu.mimuw.MatrixAssertionsTest" time="0.009"/>
  <testcase name="[3] 3 3:&#10;7.0 0 0 &#10;0 8.0 0 &#10;0 0 9.0 &#10;" classname="pl.edu.mimuw.MatrixAssertionsTest" time="0.009"/>
  <testcase name="[4] 3 3:&#10;0 0 10.0 &#10;0 11.0 0 &#10;12.0 0 0 &#10;" classname="pl.edu.mimuw.MatrixAssertionsTest" time="0.011"/>
  <testcase name="[9] 2 2:&#10;1 0 &#10;0 1 &#10;" classname="pl.edu.mimuw.MatrixAssertionsTest" time="0.011"/>
  <testcase name="[2] 3 2:&#10;1.0 2.0 &#10;3.0 4.0 &#10;5.0 6.0 &#10;" classname="pl.edu.mimuw.MatrixAssertionsTest" time="0.012"/>
  <testcase name="[6] 3 2:&#10;{1.0 @[0, 0]}&#10;{2.0 @[0, 1]}&#10;{3.0 @[1, 0]}&#10;{4.0 @[1, 1]}&#10;{5.0 @[2, 0]}&#10;{6.0 @[2, 1]}&#10;" classname="pl.edu.mimuw.MatrixAssertionsTest" time="0.004"/>
  <testcase name="testInvalidConstructThrowsOnDifferentSizes()" classname="pl.edu.mimuw.MatrixAssertionsTest" time="0.006"/>
  <testcase name="[5] 2 3:&#10;{1.0 @[0, 0]}&#10;{2.0 @[0, 1]}&#10;{3.0 @[0, 2]}&#10;{4.0 @[1, 0]}&#10;{5.0 @[1, 1]}&#10;{6.0 @[1, 2]}&#10;" classname="pl.edu.mimuw.MatrixAssertionsTest" time="0.004"/>
  <testcase name="[4] 3 3:&#10;0 0 10.0 &#10;0 11.0 0 &#10;12.0 0 0 &#10;" classname="pl.edu.mimuw.MatrixAssertionsTest" time="0.005"/>
  <testcase name="[11] 3 2&#10;0.0 0.0&#10;0.0 0.0&#10;0.0 0.0&#10;" classname="pl.edu.mimuw.MatrixAssertionsTest" time="0.008"/>
  <testcase name="[10] 3 3:&#10;1 0 0 &#10;0 1 0 &#10;0 0 1 &#10;" classname="pl.edu.mimuw.MatrixAssertionsTest" time="0.009"/>
  <testcase name="[6] 3 2:&#10;{1.0 @[0, 0]}&#10;{2.0 @[0, 1]}&#10;{3.0 @[1, 0]}&#10;{4.0 @[1, 1]}&#10;{5.0 @[2, 0]}&#10;{6.0 @[2, 1]}&#10;" classname="pl.edu.mimuw.MatrixAssertionsTest" time="0.008"/>
  <testcase name="[7] 2 1:&#10;18.0 &#10;19.0 &#10;" classname="pl.edu.mimuw.MatrixAssertionsTest" time="0.008"/>
  <testcase name="[7] 2 1:&#10;18.0 &#10;19.0 &#10;" classname="pl.edu.mimuw.MatrixAssertionsTest" time="0.005"/>
  <testcase name="[8] 3 1:&#10;15.0 &#10;16.0 &#10;17.0 &#10;" classname="pl.edu.mimuw.MatrixAssertionsTest" time="0.004"/>
  <testcase name="[8] 3 1:&#10;15.0 &#10;16.0 &#10;17.0 &#10;" classname="pl.edu.mimuw.MatrixAssertionsTest" time="0.013"/>
  <testcase name="[11] 3 2&#10;0.0 0.0&#10;0.0 0.0&#10;0.0 0.0&#10;" classname="pl.edu.mimuw.MatrixAssertionsTest" time="0.003"/>
  <system-out><![CDATA[]]></system-out>
  <system-err><![CDATA[]]></system-err>
</testsuite>
